0 info it worked if it ends with ok
1 verbose cli [ '/home/ricardo/.nvm/versions/node/v8.9.4/bin/node',
1 verbose cli   '/home/ricardo/.nvm/versions/node/v8.9.4/bin/npm',
1 verbose cli   'run',
1 verbose cli   'build' ]
2 info using npm@3.10.10
3 info using node@v8.9.4
4 verbose stack Error: missing script: build
4 verbose stack     at run (/home/ricardo/.nvm/versions/node/v8.9.4/lib/node_modules/npm/lib/run-script.js:151:19)
4 verbose stack     at /home/ricardo/.nvm/versions/node/v8.9.4/lib/node_modules/npm/lib/run-script.js:61:5
4 verbose stack     at /home/ricardo/.nvm/versions/node/v8.9.4/lib/node_modules/npm/node_modules/read-package-json/read-json.js:356:5
4 verbose stack     at checkBinReferences_ (/home/ricardo/.nvm/versions/node/v8.9.4/lib/node_modules/npm/node_modules/read-package-json/read-json.js:320:45)
4 verbose stack     at final (/home/ricardo/.nvm/versions/node/v8.9.4/lib/node_modules/npm/node_modules/read-package-json/read-json.js:354:3)
4 verbose stack     at then (/home/ricardo/.nvm/versions/node/v8.9.4/lib/node_modules/npm/node_modules/read-package-json/read-json.js:124:5)
4 verbose stack     at /home/ricardo/.nvm/versions/node/v8.9.4/lib/node_modules/npm/node_modules/read-package-json/read-json.js:311:12
4 verbose stack     at /home/ricardo/.nvm/versions/node/v8.9.4/lib/node_modules/npm/node_modules/graceful-fs/graceful-fs.js:78:16
4 verbose stack     at FSReqWrap.readFileAfterClose [as oncomplete] (fs.js:511:3)
5 verbose cwd /home/ricardo/Documents/Bootcamp/recastly-redux/hrsf98-recastly-redux
6 error Linux 4.15.0-32-generic
7 error argv "/home/ricardo/.nvm/versions/node/v8.9.4/bin/node" "/home/ricardo/.nvm/versions/node/v8.9.4/bin/npm" "run" "build"
8 error node v8.9.4
9 error npm  v3.10.10
10 error missing script: build
11 error If you need help, you may report this error at:
11 error     <https://github.com/npm/npm/issues>
12 verbose exit [ 1, true ]
